---
Thu 21 Jul 2022 06:31:59 PM BST
Scheduling a call: heic.factory.shardnet.near.ping({})
Doing account.functionCall()
Transaction Id A2Sz9QShJyoKoGgfT549e3cDkSR2xfGFrUbT3omtpc8x
To see the transaction in the transaction explorer, please open this url in your browser
https://explorer.shardnet.near.org/transactions/A2Sz9QShJyoKoGgfT549e3cDkSR2xfGFrUbT3omtpc8x
''
| Proposal(Accepted) | heic.factory.shardnet.near                  | 420                | 1       |
---
Thu 21 Jul 2022 06:35:01 PM BST
Scheduling a call: heic.factory.shardnet.near.ping({})
Doing account.functionCall()
Transaction Id 6JtBb45BiweSY2mP3cowAxAowUbFLvncLm2FXap4G27h
To see the transaction in the transaction explorer, please open this url in your browser
https://explorer.shardnet.near.org/transactions/6JtBb45BiweSY2mP3cowAxAowUbFLvncLm2FXap4G27h
''
| Proposal(Accepted) | heic.factory.shardnet.near                  | 420                | 1       |
---
Thu 21 Jul 2022 06:40:01 PM BST
Scheduling a call: heic.factory.shardnet.near.ping({})
Doing account.functionCall()
Transaction Id oGCbkRfj6mCVhRADz7EinUUALi8hdTtTmntjVJ3bpWn
To see the transaction in the transaction explorer, please open this url in your browser
https://explorer.shardnet.near.org/transactions/oGCbkRfj6mCVhRADz7EinUUALi8hdTtTmntjVJ3bpWn
''
| Proposal(Accepted) | heic.factory.shardnet.near                  | 420                | 1       |
---
Thu 21 Jul 2022 06:45:01 PM BST
Scheduling a call: heic.factory.shardnet.near.ping({})
Doing account.functionCall()
Transaction Id Fm4VuSS71tpvG3deAd7WKoRspzsBgXC2bN1ifUaQG7om
To see the transaction in the transaction explorer, please open this url in your browser
https://explorer.shardnet.near.org/transactions/Fm4VuSS71tpvG3deAd7WKoRspzsBgXC2bN1ifUaQG7om
''
| Proposal(Accepted) | heic.factory.shardnet.near                  | 420                | 1       |
---
Thu 21 Jul 2022 06:50:01 PM BST
Scheduling a call: heic.factory.shardnet.near.ping({})
Doing account.functionCall()
Transaction Id EkbfmWnfX26b5Bji8iLTspSkgjT1JxvbkqX2CqPcTP4J
To see the transaction in the transaction explorer, please open this url in your browser
https://explorer.shardnet.near.org/transactions/EkbfmWnfX26b5Bji8iLTspSkgjT1JxvbkqX2CqPcTP4J
''
| Proposal(Accepted) | heic.factory.shardnet.near                  | 420                | 1       |
---
Thu 21 Jul 2022 06:55:01 PM BST
Scheduling a call: heic.factory.shardnet.near.ping({})
Doing account.functionCall()
Transaction Id CCUhPo5WxegpJYKq9coUY6eAwJdrvc18FUC2Bqpge2qd
To see the transaction in the transaction explorer, please open this url in your browser
https://explorer.shardnet.near.org/transactions/CCUhPo5WxegpJYKq9coUY6eAwJdrvc18FUC2Bqpge2qd
''
| Proposal(Accepted) | heic.factory.shardnet.near                  | 420                | 1       |
---
Thu 21 Jul 2022 07:00:02 PM BST
Scheduling a call: heic.factory.shardnet.near.ping({})
Doing account.functionCall()
Transaction Id 3tin4XpNVCdGnvhcp5ey58oQzZX8auKfPDVYxZHdGvBv
To see the transaction in the transaction explorer, please open this url in your browser
https://explorer.shardnet.near.org/transactions/3tin4XpNVCdGnvhcp5ey58oQzZX8auKfPDVYxZHdGvBv
''
| Proposal(Accepted) | heic.factory.shardnet.near                  | 420                | 1       |
---
Thu 21 Jul 2022 07:05:01 PM BST
Scheduling a call: heic.factory.shardnet.near.ping({})
Doing account.functionCall()
Transaction Id CMhdmMLRjuuTZ5MVoYu35kEn7tQ9HADQfA92fZw5nHsG
To see the transaction in the transaction explorer, please open this url in your browser
https://explorer.shardnet.near.org/transactions/CMhdmMLRjuuTZ5MVoYu35kEn7tQ9HADQfA92fZw5nHsG
''
| Proposal(Accepted) | heic.factory.shardnet.near                  | 420                | 1       |
---
Thu 21 Jul 2022 07:10:01 PM BST
Scheduling a call: heic.factory.shardnet.near.ping({})
Doing account.functionCall()
Transaction Id C9Pd1aciMcfv7upwPQPAgiZHfyCZoCkGy2oivrtt943j
To see the transaction in the transaction explorer, please open this url in your browser
https://explorer.shardnet.near.org/transactions/C9Pd1aciMcfv7upwPQPAgiZHfyCZoCkGy2oivrtt943j
''
| Proposal(Accepted) | heic.factory.shardnet.near                  | 420                | 1       |
---
Thu 21 Jul 2022 07:15:01 PM BST
Scheduling a call: heic.factory.shardnet.near.ping({})
Doing account.functionCall()
Transaction Id QEPbs4deDCvFr3zqiJTP7NvjaRcV8tLCZjNLeDRm2gw
To see the transaction in the transaction explorer, please open this url in your browser
https://explorer.shardnet.near.org/transactions/QEPbs4deDCvFr3zqiJTP7NvjaRcV8tLCZjNLeDRm2gw
''
| Proposal(Accepted) | heic.factory.shardnet.near                  | 420                | 1       |
---
Thu 21 Jul 2022 07:20:01 PM BST
Scheduling a call: heic.factory.shardnet.near.ping({})
Doing account.functionCall()
Transaction Id GWqVeCzn13EfteHnVQ8MwWsf4gCUKzKSfjAfUjCSPaWr
To see the transaction in the transaction explorer, please open this url in your browser
https://explorer.shardnet.near.org/transactions/GWqVeCzn13EfteHnVQ8MwWsf4gCUKzKSfjAfUjCSPaWr
''
| Proposal(Accepted) | heic.factory.shardnet.near                  | 420                | 1       |
---
Thu 21 Jul 2022 07:25:01 PM BST
Scheduling a call: heic.factory.shardnet.near.ping({})
Doing account.functionCall()
Transaction Id CAkiiYxmmL7jLpNWVjuqZVxt3aTMDwQcF8cesBWu5q1m
To see the transaction in the transaction explorer, please open this url in your browser
https://explorer.shardnet.near.org/transactions/CAkiiYxmmL7jLpNWVjuqZVxt3aTMDwQcF8cesBWu5q1m
''
| Proposal(Accepted) | heic.factory.shardnet.near                  | 420                | 1       |
---
Thu 21 Jul 2022 07:30:01 PM BST
Scheduling a call: heic.factory.shardnet.near.ping({})
Doing account.functionCall()
Transaction Id DhvVtg7GSyZECsKoUijFcLQ7W3dSRAVSa8LPZJGQngAH
To see the transaction in the transaction explorer, please open this url in your browser
https://explorer.shardnet.near.org/transactions/DhvVtg7GSyZECsKoUijFcLQ7W3dSRAVSa8LPZJGQngAH
''
| Proposal(Accepted) | heic.factory.shardnet.near                  | 420                | 1       |
---
Thu 21 Jul 2022 07:35:01 PM BST
Scheduling a call: heic.factory.shardnet.near.ping({})
Doing account.functionCall()
Transaction Id 8gftqWVHHApGMn8ccrdaoQEDopTwNXRmyDiyPyviaxzL
To see the transaction in the transaction explorer, please open this url in your browser
https://explorer.shardnet.near.org/transactions/8gftqWVHHApGMn8ccrdaoQEDopTwNXRmyDiyPyviaxzL
''
| Proposal(Accepted) | heic.factory.shardnet.near                  | 420                | 1       |
---
Thu 21 Jul 2022 07:40:01 PM BST
Scheduling a call: heic.factory.shardnet.near.ping({})
Doing account.functionCall()
Transaction Id 4oZEwFcixGCqKAHz1shZsuLDUPSG2JsTYSuhAYCXrKCW
To see the transaction in the transaction explorer, please open this url in your browser
https://explorer.shardnet.near.org/transactions/4oZEwFcixGCqKAHz1shZsuLDUPSG2JsTYSuhAYCXrKCW
''
| Proposal(Accepted) | heic.factory.shardnet.near                  | 420                | 1       |
---
Thu 21 Jul 2022 07:45:01 PM BST
Scheduling a call: heic.factory.shardnet.near.ping({})
Doing account.functionCall()
Transaction Id BtehYQSfmdWZ8zRne2sjnFMhT4RPW6psBvVcpPAF45m7
To see the transaction in the transaction explorer, please open this url in your browser
https://explorer.shardnet.near.org/transactions/BtehYQSfmdWZ8zRne2sjnFMhT4RPW6psBvVcpPAF45m7
''
| Proposal(Accepted) | heic.factory.shardnet.near                  | 420                | 1       |
---
Thu 21 Jul 2022 07:50:01 PM BST
Scheduling a call: heic.factory.shardnet.near.ping({})
Doing account.functionCall()
Transaction Id 39sZ71WHe7cnknEY7QHybn635UNF8A5yNCirSubSUnfd
To see the transaction in the transaction explorer, please open this url in your browser
https://explorer.shardnet.near.org/transactions/39sZ71WHe7cnknEY7QHybn635UNF8A5yNCirSubSUnfd
''
| Proposal(Accepted) | heic.factory.shardnet.near                  | 420                | 1       |
---
Thu 21 Jul 2022 07:55:01 PM BST
Scheduling a call: heic.factory.shardnet.near.ping({})
Doing account.functionCall()
Transaction Id 85h2GK2MixV8kJk74UwhDgbzxho5UBEKnkPCZexPWKi6
To see the transaction in the transaction explorer, please open this url in your browser
https://explorer.shardnet.near.org/transactions/85h2GK2MixV8kJk74UwhDgbzxho5UBEKnkPCZexPWKi6
''
| Proposal(Accepted) | heic.factory.shardnet.near                  | 420                | 1       |
---
Thu 21 Jul 2022 08:00:01 PM BST
Scheduling a call: heic.factory.shardnet.near.ping({})
Doing account.functionCall()
Transaction Id 6sHVU8Y4frmBUukLFw62CxaVgdfj8nMN4UJnuHfb3hnj
To see the transaction in the transaction explorer, please open this url in your browser
https://explorer.shardnet.near.org/transactions/6sHVU8Y4frmBUukLFw62CxaVgdfj8nMN4UJnuHfb3hnj
''
| Proposal(Accepted) | heic.factory.shardnet.near                  | 420                | 1       |
---
Thu 21 Jul 2022 08:05:01 PM BST
Scheduling a call: heic.factory.shardnet.near.ping({})
Doing account.functionCall()
Transaction Id 9knhS1Z2QXb4FJjnNF6nwrrcraUZBbYN5xF9HjnYzfCw
To see the transaction in the transaction explorer, please open this url in your browser
https://explorer.shardnet.near.org/transactions/9knhS1Z2QXb4FJjnNF6nwrrcraUZBbYN5xF9HjnYzfCw
''
| Proposal(Accepted) | heic.factory.shardnet.near                  | 420                | 1       |
---
Thu 21 Jul 2022 08:10:01 PM BST
Scheduling a call: heic.factory.shardnet.near.ping({})
Doing account.functionCall()
Transaction Id RT4C3qdYQqYnjRQaABxjeU3NisseUbepCmHLwrppHiK
To see the transaction in the transaction explorer, please open this url in your browser
https://explorer.shardnet.near.org/transactions/RT4C3qdYQqYnjRQaABxjeU3NisseUbepCmHLwrppHiK
''
| Proposal(Accepted) | heic.factory.shardnet.near                  | 420                | 1       |
---
Thu 21 Jul 2022 08:15:01 PM BST
Scheduling a call: heic.factory.shardnet.near.ping({})
Doing account.functionCall()
Transaction Id 68MU4Nn15gXHRp1LJc9Ci3ZFxcRpuAQSSFpkMnGAQXGR
To see the transaction in the transaction explorer, please open this url in your browser
https://explorer.shardnet.near.org/transactions/68MU4Nn15gXHRp1LJc9Ci3ZFxcRpuAQSSFpkMnGAQXGR
''
| Proposal(Accepted) | heic.factory.shardnet.near                  | 420                | 1       |
---
Thu 21 Jul 2022 08:20:01 PM BST
Scheduling a call: heic.factory.shardnet.near.ping({})
Doing account.functionCall()
Transaction Id B6GyeyUAaBxeAvLaCEzj2CLMEMhWATxHgtEJK1DEcbKS
To see the transaction in the transaction explorer, please open this url in your browser
https://explorer.shardnet.near.org/transactions/B6GyeyUAaBxeAvLaCEzj2CLMEMhWATxHgtEJK1DEcbKS
''
| Proposal(Accepted) | heic.factory.shardnet.near                  | 420                | 1       |
---
Thu 21 Jul 2022 08:25:01 PM BST
Scheduling a call: heic.factory.shardnet.near.ping({})
Doing account.functionCall()
Transaction Id 8TrQxFUcYffr7gCQoo5rfxrggPNZHYeS9hMAYD2dXvmd
To see the transaction in the transaction explorer, please open this url in your browser
https://explorer.shardnet.near.org/transactions/8TrQxFUcYffr7gCQoo5rfxrggPNZHYeS9hMAYD2dXvmd
''
| Proposal(Accepted) | heic.factory.shardnet.near                  | 420                | 1       |
---
Thu 21 Jul 2022 08:30:01 PM BST
Scheduling a call: heic.factory.shardnet.near.ping({})
Doing account.functionCall()
Transaction Id B1d6KdxoCsZL38uCPwWCAyPtfCThv68CRyhxYdUiR228
To see the transaction in the transaction explorer, please open this url in your browser
https://explorer.shardnet.near.org/transactions/B1d6KdxoCsZL38uCPwWCAyPtfCThv68CRyhxYdUiR228
''
| Proposal(Accepted) | heic.factory.shardnet.near                  | 420                | 1       |
---
Thu 21 Jul 2022 08:35:01 PM BST
Scheduling a call: heic.factory.shardnet.near.ping({})
Doing account.functionCall()
Transaction Id 9HEU3DxvP4gXNuUC8jKyK7RD4gAG8swkH3siqeRBDZpv
To see the transaction in the transaction explorer, please open this url in your browser
https://explorer.shardnet.near.org/transactions/9HEU3DxvP4gXNuUC8jKyK7RD4gAG8swkH3siqeRBDZpv
''
| Proposal(Accepted) | heic.factory.shardnet.near                  | 420                | 1       |
---
Thu 21 Jul 2022 08:40:01 PM BST
Scheduling a call: heic.factory.shardnet.near.ping({})
Doing account.functionCall()
Transaction Id 871kMED6UkzvVBAMs3yZL6fXmpgJALyo9LfJ5yjGJjX5
To see the transaction in the transaction explorer, please open this url in your browser
https://explorer.shardnet.near.org/transactions/871kMED6UkzvVBAMs3yZL6fXmpgJALyo9LfJ5yjGJjX5
''
| Proposal(Accepted) | heic.factory.shardnet.near                  | 420                | 1       |
---
Thu 21 Jul 2022 08:45:01 PM BST
Scheduling a call: heic.factory.shardnet.near.ping({})
Doing account.functionCall()
Transaction Id 64c2UnDcetphvUBSf9D6MPZrux9LndCeankTf1RGETtN
To see the transaction in the transaction explorer, please open this url in your browser
https://explorer.shardnet.near.org/transactions/64c2UnDcetphvUBSf9D6MPZrux9LndCeankTf1RGETtN
''
| Proposal(Accepted) | heic.factory.shardnet.near                  | 420                | 1       |
---
Thu 21 Jul 2022 08:50:01 PM BST
Scheduling a call: heic.factory.shardnet.near.ping({})
Doing account.functionCall()
Transaction Id CN7zq5Q5P91GSSPYpczN5Nfby6gszno6pk8Z9BDoMQ1J
To see the transaction in the transaction explorer, please open this url in your browser
https://explorer.shardnet.near.org/transactions/CN7zq5Q5P91GSSPYpczN5Nfby6gszno6pk8Z9BDoMQ1J
''
| Proposal(Accepted) | heic.factory.shardnet.near                  | 420                | 1       |
---
Thu 21 Jul 2022 08:55:01 PM BST
Scheduling a call: heic.factory.shardnet.near.ping({})
Doing account.functionCall()
Transaction Id EWpqMTTpn31uQKvNA69PCAvcqz6Tt2u2xuscjCNdsTfy
To see the transaction in the transaction explorer, please open this url in your browser
https://explorer.shardnet.near.org/transactions/EWpqMTTpn31uQKvNA69PCAvcqz6Tt2u2xuscjCNdsTfy
''
| Proposal(Accepted) | heic.factory.shardnet.near                  | 420                | 1       |
---
Thu 21 Jul 2022 09:00:01 PM BST
Scheduling a call: heic.factory.shardnet.near.ping({})
Doing account.functionCall()
Transaction Id 3oSuGKCydzvTZeuK9zV8NDyoNULwKJwnkvq4hS2vnsHa
To see the transaction in the transaction explorer, please open this url in your browser
https://explorer.shardnet.near.org/transactions/3oSuGKCydzvTZeuK9zV8NDyoNULwKJwnkvq4hS2vnsHa
''
| Proposal(Accepted) | heic.factory.shardnet.near                  | 420                | 1       |
---
Thu 21 Jul 2022 09:05:01 PM BST
Scheduling a call: heic.factory.shardnet.near.ping({})
Doing account.functionCall()
Transaction Id 36Sbyzo7onQeUeckj6AkQsMo7KGWN4CAHY3x8usxJAVP
To see the transaction in the transaction explorer, please open this url in your browser
https://explorer.shardnet.near.org/transactions/36Sbyzo7onQeUeckj6AkQsMo7KGWN4CAHY3x8usxJAVP
''
| Proposal(Accepted) | heic.factory.shardnet.near                  | 420                | 1       |
---
Thu 21 Jul 2022 09:10:01 PM BST
Scheduling a call: heic.factory.shardnet.near.ping({})
Doing account.functionCall()
Transaction Id D6yqWXwFQDcsxfdAXYg2vJemjydUyqZDtgcmhtKQD67G
To see the transaction in the transaction explorer, please open this url in your browser
https://explorer.shardnet.near.org/transactions/D6yqWXwFQDcsxfdAXYg2vJemjydUyqZDtgcmhtKQD67G
''
| Proposal(Accepted) | heic.factory.shardnet.near                  | 420                | 1       |
---
Thu 21 Jul 2022 09:15:01 PM BST
Scheduling a call: heic.factory.shardnet.near.ping({})
Doing account.functionCall()
Transaction Id BGg92QuYuJm7PnhF5CTJykzCtDdGQo72wSEJZR6SPR4M
To see the transaction in the transaction explorer, please open this url in your browser
https://explorer.shardnet.near.org/transactions/BGg92QuYuJm7PnhF5CTJykzCtDdGQo72wSEJZR6SPR4M
''
| Proposal(Accepted) | heic.factory.shardnet.near                  | 420                | 1       |
---
Thu 21 Jul 2022 09:20:01 PM BST
Scheduling a call: heic.factory.shardnet.near.ping({})
Doing account.functionCall()
Transaction Id H6uSaoWzqavXLygWwMhP5cRQSjUeHWhbWByExQYLr2aw
To see the transaction in the transaction explorer, please open this url in your browser
https://explorer.shardnet.near.org/transactions/H6uSaoWzqavXLygWwMhP5cRQSjUeHWhbWByExQYLr2aw
''
| Proposal(Accepted) | heic.factory.shardnet.near                  | 420                | 1       |
---
Thu 21 Jul 2022 09:25:01 PM BST
Scheduling a call: heic.factory.shardnet.near.ping({})
Doing account.functionCall()
Transaction Id AF5zpT3CzfLaraDnwFHXCSR7b5a1JCjCVQibZKk6b97g
To see the transaction in the transaction explorer, please open this url in your browser
https://explorer.shardnet.near.org/transactions/AF5zpT3CzfLaraDnwFHXCSR7b5a1JCjCVQibZKk6b97g
''
| Proposal(Accepted) | heic.factory.shardnet.near                  | 420                | 1       |
---
Thu 21 Jul 2022 09:30:01 PM BST
Scheduling a call: heic.factory.shardnet.near.ping({})
Doing account.functionCall()
Transaction Id 9LgpQAmrJkwageQ7oiAKNJBXtJEprLQFrxRxgyJ6jxwe
To see the transaction in the transaction explorer, please open this url in your browser
https://explorer.shardnet.near.org/transactions/9LgpQAmrJkwageQ7oiAKNJBXtJEprLQFrxRxgyJ6jxwe
''
| Proposal(Accepted) | heic.factory.shardnet.near                  | 420                | 1       |
---
Thu 21 Jul 2022 09:35:01 PM BST
Scheduling a call: heic.factory.shardnet.near.ping({})
Doing account.functionCall()
Transaction Id HfkKCDRU5cr7SgvoMwKFuTq2UXN5JB2RHLidF3oAHS1A
To see the transaction in the transaction explorer, please open this url in your browser
https://explorer.shardnet.near.org/transactions/HfkKCDRU5cr7SgvoMwKFuTq2UXN5JB2RHLidF3oAHS1A
''
| Proposal(Accepted) | heic.factory.shardnet.near                  | 420                | 1       |
---
Thu 21 Jul 2022 09:40:01 PM BST
Scheduling a call: heic.factory.shardnet.near.ping({})
Doing account.functionCall()
Transaction Id GH9mxuybfX1iweN58n87frUgjDgskTzvSbpZmKQhm9pU
To see the transaction in the transaction explorer, please open this url in your browser
https://explorer.shardnet.near.org/transactions/GH9mxuybfX1iweN58n87frUgjDgskTzvSbpZmKQhm9pU
''
| Proposal(Accepted) | heic.factory.shardnet.near                  | 420                | 1       |
---
Thu 21 Jul 2022 09:45:01 PM BST
Scheduling a call: heic.factory.shardnet.near.ping({})
Doing account.functionCall()
Transaction Id u6fkWjzUvZHHXzE5dXAp3QctSuNFAri6bscjbn6FAPJ
To see the transaction in the transaction explorer, please open this url in your browser
https://explorer.shardnet.near.org/transactions/u6fkWjzUvZHHXzE5dXAp3QctSuNFAri6bscjbn6FAPJ
''
| Proposal(Accepted) | heic.factory.shardnet.near                  | 420                | 1       |
---
Thu 21 Jul 2022 09:50:01 PM BST
Scheduling a call: heic.factory.shardnet.near.ping({})
Doing account.functionCall()
Transaction Id HiZBHrVXhe7yTeoJhkixp4o9Lmp2Mvo6VdH6XTZuRVV
To see the transaction in the transaction explorer, please open this url in your browser
https://explorer.shardnet.near.org/transactions/HiZBHrVXhe7yTeoJhkixp4o9Lmp2Mvo6VdH6XTZuRVV
''
| Proposal(Accepted) | heic.factory.shardnet.near                  | 420                | 1       |
---
Thu 21 Jul 2022 09:55:01 PM BST
Scheduling a call: heic.factory.shardnet.near.ping({})
Doing account.functionCall()
Transaction Id JCvSshP5Q9sMcq9pR5qMzfnGAd2yEEBheW1Az4wue2ps
To see the transaction in the transaction explorer, please open this url in your browser
https://explorer.shardnet.near.org/transactions/JCvSshP5Q9sMcq9pR5qMzfnGAd2yEEBheW1Az4wue2ps
''
| Proposal(Accepted) | heic.factory.shardnet.near                  | 420                | 1       |
---
Thu 21 Jul 2022 10:00:01 PM BST
Scheduling a call: heic.factory.shardnet.near.ping({})
Doing account.functionCall()
Transaction Id AYTgLpjuhrWSG7U8freJSP3k2XmTrGACAegeCKJKxHxM
To see the transaction in the transaction explorer, please open this url in your browser
https://explorer.shardnet.near.org/transactions/AYTgLpjuhrWSG7U8freJSP3k2XmTrGACAegeCKJKxHxM
''
| Proposal(Accepted) | heic.factory.shardnet.near                  | 420                | 1       |
---
Thu 21 Jul 2022 10:05:01 PM BST
Scheduling a call: heic.factory.shardnet.near.ping({})
Doing account.functionCall()
Transaction Id 8uHvab6RFohkWaaWiV4D1ZqZkiSQDswmAreB1WuiXCqE
To see the transaction in the transaction explorer, please open this url in your browser
https://explorer.shardnet.near.org/transactions/8uHvab6RFohkWaaWiV4D1ZqZkiSQDswmAreB1WuiXCqE
''
| Proposal(Accepted) | heic.factory.shardnet.near                  | 420                | 1       |
---
Thu 21 Jul 2022 10:10:01 PM BST
Scheduling a call: heic.factory.shardnet.near.ping({})
Doing account.functionCall()
Transaction Id 3N3vEr7dXc7adD7xopQU3XqqboRnYY2hXCsyyEiGdFxw
To see the transaction in the transaction explorer, please open this url in your browser
https://explorer.shardnet.near.org/transactions/3N3vEr7dXc7adD7xopQU3XqqboRnYY2hXCsyyEiGdFxw
''
| Proposal(Accepted) | heic.factory.shardnet.near                  | 420                | 1       |
---
Thu 21 Jul 2022 10:15:01 PM BST
Scheduling a call: heic.factory.shardnet.near.ping({})
Doing account.functionCall()
Transaction Id GtFCU8igbtTUUSDqD4rn9397zAuRtnyCtUHJJVzP8SEg
To see the transaction in the transaction explorer, please open this url in your browser
https://explorer.shardnet.near.org/transactions/GtFCU8igbtTUUSDqD4rn9397zAuRtnyCtUHJJVzP8SEg
''
| Proposal(Accepted) | heic.factory.shardnet.near                  | 420                  | 1       |
---
Thu 21 Jul 2022 10:20:01 PM BST
Scheduling a call: heic.factory.shardnet.near.ping({})
Doing account.functionCall()
Transaction Id 4AZjFkqLAtYysq1YLBAEGbU5Deew8Xer1xBzaXNzzADx
To see the transaction in the transaction explorer, please open this url in your browser
https://explorer.shardnet.near.org/transactions/4AZjFkqLAtYysq1YLBAEGbU5Deew8Xer1xBzaXNzzADx
''
| Proposal(Accepted) | heic.factory.shardnet.near                  | 420                  | 1       |
---
Thu 21 Jul 2022 10:25:01 PM BST
Scheduling a call: heic.factory.shardnet.near.ping({})
Doing account.functionCall()
Transaction Id Do33EEgDtpSK4datVemE89rNXcWmcg3gSBVd5in6pth4
To see the transaction in the transaction explorer, please open this url in your browser
https://explorer.shardnet.near.org/transactions/Do33EEgDtpSK4datVemE89rNXcWmcg3gSBVd5in6pth4
''
| Proposal(Accepted) | heic.factory.shardnet.near                  | 420                  | 1       |
---
Thu 21 Jul 2022 10:30:01 PM BST
Scheduling a call: heic.factory.shardnet.near.ping({})
Doing account.functionCall()
Transaction Id C4yHPGSQ27azVbkJWAtvRhx8tdqyLdm6HwVrzsETrmEV
To see the transaction in the transaction explorer, please open this url in your browser
https://explorer.shardnet.near.org/transactions/C4yHPGSQ27azVbkJWAtvRhx8tdqyLdm6HwVrzsETrmEV
''
| Proposal(Accepted) | heic.factory.shardnet.near                  | 420                  | 1       |
---
Thu 21 Jul 2022 10:35:01 PM BST
Scheduling a call: heic.factory.shardnet.near.ping({})
Doing account.functionCall()
Transaction Id 5TpdcZYed4XQotn6ACvFLYTJtYoQ31HY8ignZumyXVBx
To see the transaction in the transaction explorer, please open this url in your browser
https://explorer.shardnet.near.org/transactions/5TpdcZYed4XQotn6ACvFLYTJtYoQ31HY8ignZumyXVBx
''
| Proposal(Accepted) | heic.factory.shardnet.near                  | 420                  | 1       |
---
Thu 21 Jul 2022 10:40:01 PM BST
Scheduling a call: heic.factory.shardnet.near.ping({})
Doing account.functionCall()
Transaction Id jYETwrqyzmS8L6Jba4p1VewB8A7rHZLgqJGy7dDiKWG
To see the transaction in the transaction explorer, please open this url in your browser
https://explorer.shardnet.near.org/transactions/jYETwrqyzmS8L6Jba4p1VewB8A7rHZLgqJGy7dDiKWG
''
| Proposal(Accepted) | heic.factory.shardnet.near                  | 420                  | 1       |
---
Thu 21 Jul 2022 10:45:01 PM BST
Scheduling a call: heic.factory.shardnet.near.ping({})
Doing account.functionCall()
Transaction Id 5NYgwjxwT3BoYc5Qg3CvtmwmjbNiNbk8WwG8ECZRcGST
To see the transaction in the transaction explorer, please open this url in your browser
https://explorer.shardnet.near.org/transactions/5NYgwjxwT3BoYc5Qg3CvtmwmjbNiNbk8WwG8ECZRcGST
''
| Proposal(Accepted) | heic.factory.shardnet.near                  | 420                  | 1       |
---
Thu 21 Jul 2022 10:50:01 PM BST
Scheduling a call: heic.factory.shardnet.near.ping({})
Doing account.functionCall()
Transaction Id 5YAjTmXnf5sEuZ8DfFBTHaz46E9wNUywfkW87dW7a758
To see the transaction in the transaction explorer, please open this url in your browser
https://explorer.shardnet.near.org/transactions/5YAjTmXnf5sEuZ8DfFBTHaz46E9wNUywfkW87dW7a758
''
| Proposal(Accepted) | heic.factory.shardnet.near                  | 420                  | 1       |
---
Thu 21 Jul 2022 10:55:01 PM BST
Scheduling a call: heic.factory.shardnet.near.ping({})
Doing account.functionCall()
Transaction Id FtnENfJb86nmFq6xY1pSvMgLiQuq1fjrDyL6FRkreo29
To see the transaction in the transaction explorer, please open this url in your browser
https://explorer.shardnet.near.org/transactions/FtnENfJb86nmFq6xY1pSvMgLiQuq1fjrDyL6FRkreo29
''
| Proposal(Accepted) | heic.factory.shardnet.near                  | 420                  | 1       |
---
Thu 21 Jul 2022 11:00:01 PM BST
Scheduling a call: heic.factory.shardnet.near.ping({})
Doing account.functionCall()
Transaction Id DoEiWcXHK9wsYmHJuguLSYMoDAXjuQak6GwakRbmuMVF
To see the transaction in the transaction explorer, please open this url in your browser
https://explorer.shardnet.near.org/transactions/DoEiWcXHK9wsYmHJuguLSYMoDAXjuQak6GwakRbmuMVF
''
| Proposal(Accepted) | heic.factory.shardnet.near                  | 420                  | 1       |
---
Thu 21 Jul 2022 11:05:01 PM BST
Scheduling a call: heic.factory.shardnet.near.ping({})
Doing account.functionCall()
Transaction Id N9QrDi9FLHBHZBUZo9tb3eFdx5zhnCWLAhw8BFyAtjp
To see the transaction in the transaction explorer, please open this url in your browser
https://explorer.shardnet.near.org/transactions/N9QrDi9FLHBHZBUZo9tb3eFdx5zhnCWLAhw8BFyAtjp
''
| Proposal(Accepted) | heic.factory.shardnet.near                  | 420                  | 1       |
---
Thu 21 Jul 2022 11:10:01 PM BST
Scheduling a call: heic.factory.shardnet.near.ping({})
Doing account.functionCall()
Transaction Id 6Z6EEyUtGAszzQZcNSXtqZHeaBUvMB3HsZgXuqZFVcLx
To see the transaction in the transaction explorer, please open this url in your browser
https://explorer.shardnet.near.org/transactions/6Z6EEyUtGAszzQZcNSXtqZHeaBUvMB3HsZgXuqZFVcLx
''
| Proposal(Accepted) | heic.factory.shardnet.near                  | 420                  | 1       |
---
Thu 21 Jul 2022 11:15:01 PM BST
Scheduling a call: heic.factory.shardnet.near.ping({})
Doing account.functionCall()
Transaction Id ETrSTM5DBYYYQwNiQZBYV4NsjNNQPKK1EnrW444gtRgu
To see the transaction in the transaction explorer, please open this url in your browser
https://explorer.shardnet.near.org/transactions/ETrSTM5DBYYYQwNiQZBYV4NsjNNQPKK1EnrW444gtRgu
''
| Proposal(Accepted) | heic.factory.shardnet.near                  | 420                  | 1       |
---
Thu 21 Jul 2022 11:20:01 PM BST
Scheduling a call: heic.factory.shardnet.near.ping({})
Doing account.functionCall()
Transaction Id Da3uqYqsTmPj2muCpecdX5g6pcqszjCjb6BfWs7sQNFL
To see the transaction in the transaction explorer, please open this url in your browser
https://explorer.shardnet.near.org/transactions/Da3uqYqsTmPj2muCpecdX5g6pcqszjCjb6BfWs7sQNFL
''
| Proposal(Accepted) | heic.factory.shardnet.near                  | 420                  | 1       |
---
Thu 21 Jul 2022 11:25:01 PM BST
Scheduling a call: heic.factory.shardnet.near.ping({})
Doing account.functionCall()
Transaction Id tE8zPihXqGse3pkEk4UnjjX7wc2A9GhLAkY3wQEp64H
To see the transaction in the transaction explorer, please open this url in your browser
https://explorer.shardnet.near.org/transactions/tE8zPihXqGse3pkEk4UnjjX7wc2A9GhLAkY3wQEp64H
''
| Proposal(Accepted) | heic.factory.shardnet.near                  | 420                  | 1       |
---
Thu 21 Jul 2022 11:30:01 PM BST
Scheduling a call: heic.factory.shardnet.near.ping({})
Doing account.functionCall()
Transaction Id C4z2cLoSWujycupzyY1VNRWpbnbXskcxNYgmd1VAcu48
To see the transaction in the transaction explorer, please open this url in your browser
https://explorer.shardnet.near.org/transactions/C4z2cLoSWujycupzyY1VNRWpbnbXskcxNYgmd1VAcu48
''
| Proposal(Accepted) | heic.factory.shardnet.near                  | 420                  | 1       |
---
Thu 21 Jul 2022 11:35:01 PM BST
Scheduling a call: heic.factory.shardnet.near.ping({})
Doing account.functionCall()
Transaction Id 7G25oR9BpC27aQVrs4Vf9guRQEtcPQNDRtNJiGq87XFg
To see the transaction in the transaction explorer, please open this url in your browser
https://explorer.shardnet.near.org/transactions/7G25oR9BpC27aQVrs4Vf9guRQEtcPQNDRtNJiGq87XFg
''
| Proposal(Accepted) | heic.factory.shardnet.near                  | 420                  | 1       |
---
Thu 21 Jul 2022 11:40:01 PM BST
Scheduling a call: heic.factory.shardnet.near.ping({})
Doing account.functionCall()
Transaction Id 5qMttaU7TqYXDmB2HriaaURDH4ynkoStQYGCh6YHAiqT
To see the transaction in the transaction explorer, please open this url in your browser
https://explorer.shardnet.near.org/transactions/5qMttaU7TqYXDmB2HriaaURDH4ynkoStQYGCh6YHAiqT
''
| Proposal(Accepted) | heic.factory.shardnet.near                  | 420                  | 1       |
---
Thu 21 Jul 2022 11:45:01 PM BST
Scheduling a call: heic.factory.shardnet.near.ping({})
Doing account.functionCall()
Transaction Id 8Mp2fkRekNXge7nSmQuTCZLsVKzxiYRvzrNyQmhoTodL
To see the transaction in the transaction explorer, please open this url in your browser
https://explorer.shardnet.near.org/transactions/8Mp2fkRekNXge7nSmQuTCZLsVKzxiYRvzrNyQmhoTodL
''
| Proposal(Accepted) | heic.factory.shardnet.near                  | 420                  | 1       |
---
Thu 21 Jul 2022 11:50:01 PM BST
Scheduling a call: heic.factory.shardnet.near.ping({})
Doing account.functionCall()
Transaction Id 9sTXP91GrCPGf6SzNnSDW2ryijZxuKfkoiXyf6EnDAiA
To see the transaction in the transaction explorer, please open this url in your browser
https://explorer.shardnet.near.org/transactions/9sTXP91GrCPGf6SzNnSDW2ryijZxuKfkoiXyf6EnDAiA
''
| Proposal(Accepted) | heic.factory.shardnet.near                  | 420                  | 1       |
---
Thu 21 Jul 2022 11:55:01 PM BST
Scheduling a call: heic.factory.shardnet.near.ping({})
Doing account.functionCall()
Transaction Id DFpNNrvcw7DEtgkEmfuMooMzzqnbpeLovVcRC6LbtjV9
To see the transaction in the transaction explorer, please open this url in your browser
https://explorer.shardnet.near.org/transactions/DFpNNrvcw7DEtgkEmfuMooMzzqnbpeLovVcRC6LbtjV9
''
| Proposal(Accepted) | heic.factory.shardnet.near                  | 420                  | 1       |
---
Fri 22 Jul 2022 12:00:01 AM BST
Scheduling a call: heic.factory.shardnet.near.ping({})
Doing account.functionCall()
Transaction Id DBY6KFgwuEpdYXQX4Mcka1PQj4LbtnV4FTGw7EnNMMhE
To see the transaction in the transaction explorer, please open this url in your browser
https://explorer.shardnet.near.org/transactions/DBY6KFgwuEpdYXQX4Mcka1PQj4LbtnV4FTGw7EnNMMhE
''
| Proposal(Accepted) | heic.factory.shardnet.near                  | 420                  | 1       |
---
Fri 22 Jul 2022 12:05:01 AM BST
Scheduling a call: heic.factory.shardnet.near.ping({})
Doing account.functionCall()
Transaction Id EkijVGpbF4VztgMUkaEbZ1kENdmRzbo4hYmvvEBeXBrS
To see the transaction in the transaction explorer, please open this url in your browser
https://explorer.shardnet.near.org/transactions/EkijVGpbF4VztgMUkaEbZ1kENdmRzbo4hYmvvEBeXBrS
''
| Proposal(Accepted) | heic.factory.shardnet.near                  | 420                  | 1       |
---
Fri 22 Jul 2022 12:10:01 AM BST
Scheduling a call: heic.factory.shardnet.near.ping({})
Doing account.functionCall()
Transaction Id YZdxyM5RrviHXAxnF4tjYGVQCYjXdqtfD3BfetwF7oV
To see the transaction in the transaction explorer, please open this url in your browser
https://explorer.shardnet.near.org/transactions/YZdxyM5RrviHXAxnF4tjYGVQCYjXdqtfD3BfetwF7oV
''
| Proposal(Accepted) | heic.factory.shardnet.near                  | 420                  | 1       |
---
Fri 22 Jul 2022 12:15:01 AM BST
Scheduling a call: heic.factory.shardnet.near.ping({})
Doing account.functionCall()
Transaction Id AywxQf2wHUfvH3QkwD5zgUd5xzY53uNUBpVb6uT3DjS1
To see the transaction in the transaction explorer, please open this url in your browser
https://explorer.shardnet.near.org/transactions/AywxQf2wHUfvH3QkwD5zgUd5xzY53uNUBpVb6uT3DjS1
''
| Proposal(Accepted) | heic.factory.shardnet.near                  | 420                  | 1       |
---
Fri 22 Jul 2022 12:20:01 AM BST
Scheduling a call: heic.factory.shardnet.near.ping({})
Doing account.functionCall()
Transaction Id yA8L1HisqoSRZ7PCGQ9dVb3RhAvi3iT7tgAnYMc7WAQ
To see the transaction in the transaction explorer, please open this url in your browser
https://explorer.shardnet.near.org/transactions/yA8L1HisqoSRZ7PCGQ9dVb3RhAvi3iT7tgAnYMc7WAQ
''
| Proposal(Accepted) | heic.factory.shardnet.near                  | 420                  | 1       |
---
Fri 22 Jul 2022 12:25:01 AM BST
Scheduling a call: heic.factory.shardnet.near.ping({})
Doing account.functionCall()
Transaction Id dSAwvaB7jpdn26P39A4ukwzat9HTUBo3rPrNwXybCuZ
To see the transaction in the transaction explorer, please open this url in your browser
https://explorer.shardnet.near.org/transactions/dSAwvaB7jpdn26P39A4ukwzat9HTUBo3rPrNwXybCuZ
''
| Proposal(Accepted) | heic.factory.shardnet.near                  | 420                  | 1       |
---
Fri 22 Jul 2022 12:30:01 AM BST
Scheduling a call: heic.factory.shardnet.near.ping({})
Doing account.functionCall()
Transaction Id 5Ltctk6Le8KU2QGVFMzh6houq2HrTe13sCw6vYyWqqEw
To see the transaction in the transaction explorer, please open this url in your browser
https://explorer.shardnet.near.org/transactions/5Ltctk6Le8KU2QGVFMzh6houq2HrTe13sCw6vYyWqqEw
''
| Proposal(Accepted) | heic.factory.shardnet.near                  | 420                  | 1       |
---
Fri 22 Jul 2022 12:35:01 AM BST
Scheduling a call: heic.factory.shardnet.near.ping({})
Doing account.functionCall()
Transaction Id CZmcojn7gmsTAk8dtVYy2t6vJP3rXXFPVTLnqC7gZ6rr
To see the transaction in the transaction explorer, please open this url in your browser
https://explorer.shardnet.near.org/transactions/CZmcojn7gmsTAk8dtVYy2t6vJP3rXXFPVTLnqC7gZ6rr
''
| Proposal(Accepted) | heic.factory.shardnet.near                  | 420                  | 1       |
---
Fri 22 Jul 2022 12:40:01 AM BST
Scheduling a call: heic.factory.shardnet.near.ping({})
Doing account.functionCall()
Transaction Id FJXwa8GRqswkDtFYrnMdz8xim9BS3VuqUkcDtDp74cxb
To see the transaction in the transaction explorer, please open this url in your browser
https://explorer.shardnet.near.org/transactions/FJXwa8GRqswkDtFYrnMdz8xim9BS3VuqUkcDtDp74cxb
''
| Proposal(Accepted) | heic.factory.shardnet.near                  | 420                  | 1       |
---
Fri 22 Jul 2022 12:45:01 AM BST
Scheduling a call: heic.factory.shardnet.near.ping({})
Doing account.functionCall()
Transaction Id HTnUEsUSG8eMoXHyieKpjxCnHqfTfsvTT95DEdxnVfT1
To see the transaction in the transaction explorer, please open this url in your browser
https://explorer.shardnet.near.org/transactions/HTnUEsUSG8eMoXHyieKpjxCnHqfTfsvTT95DEdxnVfT1
''
| Proposal(Accepted) | heic.factory.shardnet.near                  | 420                  | 1       |
---
Fri 22 Jul 2022 12:50:01 AM BST
Scheduling a call: heic.factory.shardnet.near.ping({})
Doing account.functionCall()
Transaction Id 9Zt5384HxACunujpbqHbywaLouQjd5o2MGqtBoDgf2ae
To see the transaction in the transaction explorer, please open this url in your browser
https://explorer.shardnet.near.org/transactions/9Zt5384HxACunujpbqHbywaLouQjd5o2MGqtBoDgf2ae
''
| Proposal(Accepted) | heic.factory.shardnet.near                  | 420                  | 1       |
---
Fri 22 Jul 2022 12:55:01 AM BST
Scheduling a call: heic.factory.shardnet.near.ping({})
Doing account.functionCall()
Receipts: 924gidgxqbKyN89J4siRQqf27qpi55gd5k3mHRY7vBMh, Ad6EbVuywE6By4zTc3yEJbNPo2ZxeCUEdsv62VScLaUD, 9WHft79AySY4GmyEwEH5T2TpjypRBm2gVuGAGeXES1NP
	Log [heic.factory.shardnet.near]: Epoch 2: Contract received total rewards of 13091405877689365104224 tokens. New total staked balance is 420013091405876689365104224. Total number of shares 420004385530064498649909981
	Log [heic.factory.shardnet.near]: Total rewards fee is 458189708335679841340 and burn is 3927340357162970068641 stake shares.
Transaction Id 973bUTgYvSmk4rsmvpMPQZcGeE6mxGDzMKVuzBJitEfX
To see the transaction in the transaction explorer, please open this url in your browser
https://explorer.shardnet.near.org/transactions/973bUTgYvSmk4rsmvpMPQZcGeE6mxGDzMKVuzBJitEfX
''
| Proposal(Accepted) | heic.factory.shardnet.near               | 420                | 1       |
| New        | heic.factory.shardnet.near                  | 420                  | 1       |
---
Fri 22 Jul 2022 01:00:01 AM BST
Scheduling a call: heic.factory.shardnet.near.ping({})
Doing account.functionCall()
Transaction Id H2hYgiNmFcBUR6dTgTwCKXTzq2HtJT3dmhGNiHryBxVg
To see the transaction in the transaction explorer, please open this url in your browser
https://explorer.shardnet.near.org/transactions/H2hYgiNmFcBUR6dTgTwCKXTzq2HtJT3dmhGNiHryBxVg
''
| Proposal(Accepted) | heic.factory.shardnet.near               | 420                | 1       |
| New        | heic.factory.shardnet.near                  | 420                  | 1       |
---
Fri 22 Jul 2022 01:05:01 AM BST
Scheduling a call: heic.factory.shardnet.near.ping({})
Doing account.functionCall()
Transaction Id CeBx28n6TBDX3YyPyToKsFSk2vvYa25tMqfxfMzzgpjT
To see the transaction in the transaction explorer, please open this url in your browser
https://explorer.shardnet.near.org/transactions/CeBx28n6TBDX3YyPyToKsFSk2vvYa25tMqfxfMzzgpjT
''
| Proposal(Accepted) | heic.factory.shardnet.near               | 420                | 1       |
| New        | heic.factory.shardnet.near                  | 420                  | 1       |
